<?xml version="1.0" encoding="UTF-8"?>
<!-- Generated by org.testng.reporters.JUnitReportReporter -->
<testsuite hostname="LAPTOP-CD8JOBST" failures="0" tests="1" name="Scenario_Test.Scenario_8" time="803.625" errors="0" timestamp="12 May 2022 09:19:30 GMT" skipped="0">
  <testcase classname="Scenario_Test.Scenario_8" name="scenario_8" time="803.625"/>
</testsuite> <!-- Scenario_Test.Scenario_8 -->
