<?xml version="1.0" encoding="UTF-8"?>
<!-- Generated by org.testng.reporters.JUnitReportReporter -->
<testsuite hostname="LAPTOP-CD8JOBST" failures="0" tests="1" name="Scenario_Test.Scenario_5" time="63.865" errors="0" timestamp="12 May 2022 07:26:25 GMT" skipped="0">
  <testcase classname="Scenario_Test.Scenario_5" name="scenario_5" time="63.865"/>
</testsuite> <!-- Scenario_Test.Scenario_5 -->
