<?xml version="1.0" encoding="UTF-8"?>
<!-- Generated by org.testng.reporters.JUnitReportReporter -->
<testsuite hostname="LAPTOP-CD8JOBST" failures="0" tests="1" name="Scenario_Test.Scenario_7" time="171.240" errors="0" timestamp="12 May 2022 07:54:15 GMT" skipped="0">
  <testcase classname="Scenario_Test.Scenario_7" name="scenario_7" time="171.240"/>
</testsuite> <!-- Scenario_Test.Scenario_7 -->
