<?xml version="1.0" encoding="UTF-8"?>
<!-- Generated by org.testng.reporters.JUnitReportReporter -->
<testsuite hostname="LAPTOP-CD8JOBST" failures="0" tests="1" name="MavenExample.CreateUser" time="0.016" errors="0" timestamp="09 May 2022 09:03:25 GMT" skipped="0">
  <testcase classname="MavenExample.CreateUser" name="createuser" time="0.016"/>
</testsuite> <!-- MavenExample.CreateUser -->
